[23-Apr-2012 20:11:45] PHP Fatal error:  Cannot use object of type CI_DB_mysql_result as array in /home/rully/git/HDD-Monitoring/hdd_monitor/application/views/edit_person.php on line 10
[23-Apr-2012 20:11:45] PHP Stack trace:
[23-Apr-2012 20:11:45] PHP   1. {main}() /home/rully/git/HDD-Monitoring/hdd_monitor/index.php:0
[23-Apr-2012 20:11:45] PHP   2. require_once() /home/rully/git/HDD-Monitoring/hdd_monitor/index.php:201
[23-Apr-2012 20:11:45] PHP   3. call_user_func_array() /home/rully/git/HDD-Monitoring/hdd_monitor/system/core/CodeIgniter.php:339
[23-Apr-2012 20:11:45] PHP   4. Site->edit_person_info() /home/rully/git/HDD-Monitoring/hdd_monitor/system/core/CodeIgniter.php:0
[23-Apr-2012 20:11:45] PHP   5. CI_Loader->view() /home/rully/git/HDD-Monitoring/hdd_monitor/application/controllers/site.php:27
[23-Apr-2012 20:11:45] PHP   6. CI_Loader->_ci_load() /home/rully/git/HDD-Monitoring/hdd_monitor/system/core/Loader.php:308
[23-Apr-2012 20:11:45] PHP   7. include() /home/rully/git/HDD-Monitoring/hdd_monitor/system/core/Loader.php:683
[23-Apr-2012 20:11:45] PHP   8. CI_Loader->view() /home/rully/git/HDD-Monitoring/hdd_monitor/application/views/templates/template.php:7
[23-Apr-2012 20:11:45] PHP   9. CI_Loader->_ci_load() /home/rully/git/HDD-Monitoring/hdd_monitor/system/core/Loader.php:308
[23-Apr-2012 20:11:45] PHP  10. include() /home/rully/git/HDD-Monitoring/hdd_monitor/system/core/Loader.php:683
[23-Apr-2012 20:53:25] PHP Fatal error:  Call to undefined function is_logged_in() in /home/rully/git/HDD-Monitoring/hdd_monitor/application/views/edit_person.php on line 3
[23-Apr-2012 20:53:25] PHP Stack trace:
[23-Apr-2012 20:53:25] PHP   1. {main}() /home/rully/git/HDD-Monitoring/hdd_monitor/index.php:0
[23-Apr-2012 20:53:25] PHP   2. require_once() /home/rully/git/HDD-Monitoring/hdd_monitor/index.php:201
[23-Apr-2012 20:53:25] PHP   3. call_user_func_array() /home/rully/git/HDD-Monitoring/hdd_monitor/system/core/CodeIgniter.php:339
[23-Apr-2012 20:53:25] PHP   4. Site->edit_person_info() /home/rully/git/HDD-Monitoring/hdd_monitor/system/core/CodeIgniter.php:0
[23-Apr-2012 20:53:25] PHP   5. CI_Loader->view() /home/rully/git/HDD-Monitoring/hdd_monitor/application/controllers/site.php:27
[23-Apr-2012 20:53:25] PHP   6. CI_Loader->_ci_load() /home/rully/git/HDD-Monitoring/hdd_monitor/system/core/Loader.php:308
[23-Apr-2012 20:53:25] PHP   7. include() /home/rully/git/HDD-Monitoring/hdd_monitor/system/core/Loader.php:683
[23-Apr-2012 20:53:25] PHP   8. CI_Loader->view() /home/rully/git/HDD-Monitoring/hdd_monitor/application/views/templates/template.php:7
[23-Apr-2012 20:53:25] PHP   9. CI_Loader->_ci_load() /home/rully/git/HDD-Monitoring/hdd_monitor/system/core/Loader.php:308
[23-Apr-2012 20:53:25] PHP  10. include() /home/rully/git/HDD-Monitoring/hdd_monitor/system/core/Loader.php:683
[23-Apr-2012 20:54:45] PHP Fatal error:  Call to undefined function is_logged_in() in /home/rully/git/HDD-Monitoring/hdd_monitor/application/views/edit_person.php on line 3
[23-Apr-2012 20:54:45] PHP Stack trace:
[23-Apr-2012 20:54:45] PHP   1. {main}() /home/rully/git/HDD-Monitoring/hdd_monitor/index.php:0
[23-Apr-2012 20:54:45] PHP   2. require_once() /home/rully/git/HDD-Monitoring/hdd_monitor/index.php:201
[23-Apr-2012 20:54:45] PHP   3. call_user_func_array() /home/rully/git/HDD-Monitoring/hdd_monitor/system/core/CodeIgniter.php:339
[23-Apr-2012 20:54:45] PHP   4. Site->edit_person_info() /home/rully/git/HDD-Monitoring/hdd_monitor/system/core/CodeIgniter.php:0
[23-Apr-2012 20:54:45] PHP   5. CI_Loader->view() /home/rully/git/HDD-Monitoring/hdd_monitor/application/controllers/site.php:27
[23-Apr-2012 20:54:45] PHP   6. CI_Loader->_ci_load() /home/rully/git/HDD-Monitoring/hdd_monitor/system/core/Loader.php:308
[23-Apr-2012 20:54:45] PHP   7. include() /home/rully/git/HDD-Monitoring/hdd_monitor/system/core/Loader.php:683
[23-Apr-2012 20:54:45] PHP   8. CI_Loader->view() /home/rully/git/HDD-Monitoring/hdd_monitor/application/views/templates/template.php:7
[23-Apr-2012 20:54:45] PHP   9. CI_Loader->_ci_load() /home/rully/git/HDD-Monitoring/hdd_monitor/system/core/Loader.php:308
[23-Apr-2012 20:54:45] PHP  10. include() /home/rully/git/HDD-Monitoring/hdd_monitor/system/core/Loader.php:683
[24-Apr-2012 01:13:42] PHP Fatal error:  Call to undefined function is_logged_in() in /home/rully/git/HDD-Monitoring/hdd_monitor/application/controllers/site.php on line 11
[24-Apr-2012 01:13:42] PHP Stack trace:
[24-Apr-2012 01:13:42] PHP   1. {main}() /home/rully/git/HDD-Monitoring/hdd_monitor/index.php:0
[24-Apr-2012 01:13:42] PHP   2. require_once() /home/rully/git/HDD-Monitoring/hdd_monitor/index.php:201
[24-Apr-2012 01:13:42] PHP   3. call_user_func_array() /home/rully/git/HDD-Monitoring/hdd_monitor/system/core/CodeIgniter.php:339
[24-Apr-2012 01:13:42] PHP   4. Site->admin() /home/rully/git/HDD-Monitoring/hdd_monitor/system/core/CodeIgniter.php:0
[24-Apr-2012 01:50:24] PHP Parse error:  syntax error, unexpected T_VARIABLE in /home/rully/git/HDD-Monitoring/hdd_monitor/application/controllers/site.php on line 50
[24-Apr-2012 01:50:24] PHP Stack trace:
[24-Apr-2012 01:50:24] PHP   1. {main}() /home/rully/git/HDD-Monitoring/hdd_monitor/index.php:0
[24-Apr-2012 01:50:24] PHP   2. require_once() /home/rully/git/HDD-Monitoring/hdd_monitor/index.php:201
[24-Apr-2012 02:06:45] PHP Parse error:  syntax error, unexpected T_BOOLEAN_AND, expecting ')' in /home/rully/git/HDD-Monitoring/hdd_monitor/application/controllers/site.php on line 64
[24-Apr-2012 02:06:45] PHP Stack trace:
[24-Apr-2012 02:06:45] PHP   1. {main}() /home/rully/git/HDD-Monitoring/hdd_monitor/index.php:0
[24-Apr-2012 02:06:45] PHP   2. require_once() /home/rully/git/HDD-Monitoring/hdd_monitor/index.php:201
[24-Apr-2012 02:09:42] PHP Parse error:  syntax error, unexpected T_BOOLEAN_AND, expecting ')' in /home/rully/git/HDD-Monitoring/hdd_monitor/application/controllers/site.php on line 64
[24-Apr-2012 02:09:42] PHP Stack trace:
[24-Apr-2012 02:09:42] PHP   1. {main}() /home/rully/git/HDD-Monitoring/hdd_monitor/index.php:0
[24-Apr-2012 02:09:42] PHP   2. require_once() /home/rully/git/HDD-Monitoring/hdd_monitor/index.php:201
[24-Apr-2012 02:10:27] PHP Parse error:  syntax error, unexpected T_BOOLEAN_AND in /home/rully/git/HDD-Monitoring/hdd_monitor/application/controllers/site.php on line 64
[24-Apr-2012 02:10:27] PHP Stack trace:
[24-Apr-2012 02:10:27] PHP   1. {main}() /home/rully/git/HDD-Monitoring/hdd_monitor/index.php:0
[24-Apr-2012 02:10:27] PHP   2. require_once() /home/rully/git/HDD-Monitoring/hdd_monitor/index.php:201
[24-Apr-2012 02:21:11] PHP Fatal error:  Call to a member function update_data() on a non-object in /home/rully/git/HDD-Monitoring/hdd_monitor/application/controllers/site.php on line 68
[24-Apr-2012 02:21:11] PHP Stack trace:
[24-Apr-2012 02:21:11] PHP   1. {main}() /home/rully/git/HDD-Monitoring/hdd_monitor/index.php:0
[24-Apr-2012 02:21:11] PHP   2. require_once() /home/rully/git/HDD-Monitoring/hdd_monitor/index.php:201
[24-Apr-2012 02:21:11] PHP   3. call_user_func_array() /home/rully/git/HDD-Monitoring/hdd_monitor/system/core/CodeIgniter.php:339
[24-Apr-2012 02:21:11] PHP   4. Site->edit_account() /home/rully/git/HDD-Monitoring/hdd_monitor/system/core/CodeIgniter.php:0
[24-Apr-2012 02:21:42] PHP Fatal error:  Call to a member function update_user() on a non-object in /home/rully/git/HDD-Monitoring/hdd_monitor/application/controllers/site.php on line 68
[24-Apr-2012 02:21:42] PHP Stack trace:
[24-Apr-2012 02:21:42] PHP   1. {main}() /home/rully/git/HDD-Monitoring/hdd_monitor/index.php:0
[24-Apr-2012 02:21:42] PHP   2. require_once() /home/rully/git/HDD-Monitoring/hdd_monitor/index.php:201
[24-Apr-2012 02:21:42] PHP   3. call_user_func_array() /home/rully/git/HDD-Monitoring/hdd_monitor/system/core/CodeIgniter.php:339
[24-Apr-2012 02:21:42] PHP   4. Site->edit_account() /home/rully/git/HDD-Monitoring/hdd_monitor/system/core/CodeIgniter.php:0
[24-Apr-2012 02:23:19] PHP Fatal error:  Call to a member function update_user() on a non-object in /home/rully/git/HDD-Monitoring/hdd_monitor/application/controllers/site.php on line 68
[24-Apr-2012 02:23:19] PHP Stack trace:
[24-Apr-2012 02:23:19] PHP   1. {main}() /home/rully/git/HDD-Monitoring/hdd_monitor/index.php:0
[24-Apr-2012 02:23:19] PHP   2. require_once() /home/rully/git/HDD-Monitoring/hdd_monitor/index.php:201
[24-Apr-2012 02:23:19] PHP   3. call_user_func_array() /home/rully/git/HDD-Monitoring/hdd_monitor/system/core/CodeIgniter.php:339
[24-Apr-2012 02:23:19] PHP   4. Site->edit_account() /home/rully/git/HDD-Monitoring/hdd_monitor/system/core/CodeIgniter.php:0
[26-Apr-2012 22:40:35] PHP Fatal error:  Call to undefined method Modelhddmonitor::veiw_statistic_raw() in /home/rully/git/HDD-Monitoring/hdd_monitor/application/controllers/site.php on line 124
[26-Apr-2012 22:40:35] PHP Stack trace:
[26-Apr-2012 22:40:35] PHP   1. {main}() /home/rully/git/HDD-Monitoring/hdd_monitor/index.php:0
[26-Apr-2012 22:40:35] PHP   2. require_once() /home/rully/git/HDD-Monitoring/hdd_monitor/index.php:201
[26-Apr-2012 22:40:35] PHP   3. call_user_func_array() /home/rully/git/HDD-Monitoring/hdd_monitor/system/core/CodeIgniter.php:339
[26-Apr-2012 22:40:35] PHP   4. Site->view_statistic() /home/rully/git/HDD-Monitoring/hdd_monitor/system/core/CodeIgniter.php:0
[26-Apr-2012 22:40:48] PHP Fatal error:  Call to undefined method Modelhddmonitor::veiw_statistic_raw() in /home/rully/git/HDD-Monitoring/hdd_monitor/application/controllers/site.php on line 124
[26-Apr-2012 22:40:48] PHP Stack trace:
[26-Apr-2012 22:40:48] PHP   1. {main}() /home/rully/git/HDD-Monitoring/hdd_monitor/index.php:0
[26-Apr-2012 22:40:48] PHP   2. require_once() /home/rully/git/HDD-Monitoring/hdd_monitor/index.php:201
[26-Apr-2012 22:40:48] PHP   3. call_user_func_array() /home/rully/git/HDD-Monitoring/hdd_monitor/system/core/CodeIgniter.php:339
[26-Apr-2012 22:40:48] PHP   4. Site->view_statistic() /home/rully/git/HDD-Monitoring/hdd_monitor/system/core/CodeIgniter.php:0
[26-Apr-2012 22:58:05] PHP Parse error:  syntax error, unexpected '[' in /home/rully/git/HDD-Monitoring/hdd_monitor/application/models/modelhddmonitor.php on line 57
[26-Apr-2012 22:58:05] PHP Stack trace:
[26-Apr-2012 22:58:05] PHP   1. {main}() /home/rully/git/HDD-Monitoring/hdd_monitor/index.php:0
[26-Apr-2012 22:58:05] PHP   2. require_once() /home/rully/git/HDD-Monitoring/hdd_monitor/index.php:201
[26-Apr-2012 22:58:05] PHP   3. Site->__construct() /home/rully/git/HDD-Monitoring/hdd_monitor/system/core/CodeIgniter.php:288
[26-Apr-2012 22:58:05] PHP   4. CI_Loader->model() /home/rully/git/HDD-Monitoring/hdd_monitor/application/controllers/site.php:7
[26-Apr-2012 23:02:05] PHP Fatal error:  Call to undefined function msql_query() in /home/rully/git/HDD-Monitoring/hdd_monitor/application/models/modelhddmonitor.php on line 60
[26-Apr-2012 23:02:05] PHP Stack trace:
[26-Apr-2012 23:02:05] PHP   1. {main}() /home/rully/git/HDD-Monitoring/hdd_monitor/index.php:0
[26-Apr-2012 23:02:05] PHP   2. require_once() /home/rully/git/HDD-Monitoring/hdd_monitor/index.php:201
[26-Apr-2012 23:02:05] PHP   3. call_user_func_array() /home/rully/git/HDD-Monitoring/hdd_monitor/system/core/CodeIgniter.php:339
[26-Apr-2012 23:02:05] PHP   4. Site->view_statistic() /home/rully/git/HDD-Monitoring/hdd_monitor/system/core/CodeIgniter.php:0
[26-Apr-2012 23:02:05] PHP   5. Modelhddmonitor->view_statistic_raw() /home/rully/git/HDD-Monitoring/hdd_monitor/application/controllers/site.php:126
[26-Apr-2012 23:02:22] PHP Fatal error:  Call to a member function result() on a non-object in /home/rully/git/HDD-Monitoring/hdd_monitor/application/models/modelhddmonitor.php on line 61
[26-Apr-2012 23:02:22] PHP Stack trace:
[26-Apr-2012 23:02:22] PHP   1. {main}() /home/rully/git/HDD-Monitoring/hdd_monitor/index.php:0
[26-Apr-2012 23:02:22] PHP   2. require_once() /home/rully/git/HDD-Monitoring/hdd_monitor/index.php:201
[26-Apr-2012 23:02:22] PHP   3. call_user_func_array() /home/rully/git/HDD-Monitoring/hdd_monitor/system/core/CodeIgniter.php:339
[26-Apr-2012 23:02:22] PHP   4. Site->view_statistic() /home/rully/git/HDD-Monitoring/hdd_monitor/system/core/CodeIgniter.php:0
[26-Apr-2012 23:02:22] PHP   5. Modelhddmonitor->view_statistic_raw() /home/rully/git/HDD-Monitoring/hdd_monitor/application/controllers/site.php:126
[26-Apr-2012 23:05:01] PHP Parse error:  syntax error, unexpected T_ARRAY in /home/rully/git/HDD-Monitoring/hdd_monitor/application/models/modelhddmonitor.php on line 60
[26-Apr-2012 23:05:01] PHP Stack trace:
[26-Apr-2012 23:05:01] PHP   1. {main}() /home/rully/git/HDD-Monitoring/hdd_monitor/index.php:0
[26-Apr-2012 23:05:01] PHP   2. require_once() /home/rully/git/HDD-Monitoring/hdd_monitor/index.php:201
[26-Apr-2012 23:05:01] PHP   3. Site->__construct() /home/rully/git/HDD-Monitoring/hdd_monitor/system/core/CodeIgniter.php:288
[26-Apr-2012 23:05:01] PHP   4. CI_Loader->model() /home/rully/git/HDD-Monitoring/hdd_monitor/application/controllers/site.php:7
[26-Apr-2012 23:05:05] PHP Parse error:  syntax error, unexpected T_ARRAY in /home/rully/git/HDD-Monitoring/hdd_monitor/application/models/modelhddmonitor.php on line 60
[26-Apr-2012 23:05:05] PHP Stack trace:
[26-Apr-2012 23:05:05] PHP   1. {main}() /home/rully/git/HDD-Monitoring/hdd_monitor/index.php:0
[26-Apr-2012 23:05:05] PHP   2. require_once() /home/rully/git/HDD-Monitoring/hdd_monitor/index.php:201
[26-Apr-2012 23:05:05] PHP   3. Site->__construct() /home/rully/git/HDD-Monitoring/hdd_monitor/system/core/CodeIgniter.php:288
[26-Apr-2012 23:05:05] PHP   4. CI_Loader->model() /home/rully/git/HDD-Monitoring/hdd_monitor/application/controllers/site.php:7
[26-Apr-2012 23:05:07] PHP Parse error:  syntax error, unexpected T_ARRAY in /home/rully/git/HDD-Monitoring/hdd_monitor/application/models/modelhddmonitor.php on line 60
[26-Apr-2012 23:05:07] PHP Stack trace:
[26-Apr-2012 23:05:07] PHP   1. {main}() /home/rully/git/HDD-Monitoring/hdd_monitor/index.php:0
[26-Apr-2012 23:05:07] PHP   2. require_once() /home/rully/git/HDD-Monitoring/hdd_monitor/index.php:201
[26-Apr-2012 23:05:07] PHP   3. Site->__construct() /home/rully/git/HDD-Monitoring/hdd_monitor/system/core/CodeIgniter.php:288
[26-Apr-2012 23:05:07] PHP   4. CI_Loader->model() /home/rully/git/HDD-Monitoring/hdd_monitor/application/controllers/site.php:7
[26-Apr-2012 23:43:14] PHP Parse error:  syntax error, unexpected T_ECHO in /home/rully/git/HDD-Monitoring/hdd_monitor/application/views/admin.php on line 4
[26-Apr-2012 23:43:14] PHP Stack trace:
[26-Apr-2012 23:43:14] PHP   1. {main}() /home/rully/git/HDD-Monitoring/hdd_monitor/index.php:0
[26-Apr-2012 23:43:14] PHP   2. require_once() /home/rully/git/HDD-Monitoring/hdd_monitor/index.php:201
[26-Apr-2012 23:43:14] PHP   3. call_user_func_array() /home/rully/git/HDD-Monitoring/hdd_monitor/system/core/CodeIgniter.php:339
[26-Apr-2012 23:43:14] PHP   4. Site->admin() /home/rully/git/HDD-Monitoring/hdd_monitor/system/core/CodeIgniter.php:0
[26-Apr-2012 23:43:14] PHP   5. CI_Loader->view() /home/rully/git/HDD-Monitoring/hdd_monitor/application/controllers/site.php:18
[26-Apr-2012 23:43:14] PHP   6. CI_Loader->_ci_load() /home/rully/git/HDD-Monitoring/hdd_monitor/system/core/Loader.php:308
[26-Apr-2012 23:43:14] PHP   7. include() /home/rully/git/HDD-Monitoring/hdd_monitor/system/core/Loader.php:683
[26-Apr-2012 23:43:14] PHP   8. CI_Loader->view() /home/rully/git/HDD-Monitoring/hdd_monitor/application/views/templates/template.php:7
[26-Apr-2012 23:43:14] PHP   9. CI_Loader->_ci_load() /home/rully/git/HDD-Monitoring/hdd_monitor/system/core/Loader.php:308
[26-Apr-2012 23:43:51] PHP Parse error:  syntax error, unexpected T_ECHO in /home/rully/git/HDD-Monitoring/hdd_monitor/application/views/admin.php on line 4
[26-Apr-2012 23:43:51] PHP Stack trace:
[26-Apr-2012 23:43:51] PHP   1. {main}() /home/rully/git/HDD-Monitoring/hdd_monitor/index.php:0
[26-Apr-2012 23:43:51] PHP   2. require_once() /home/rully/git/HDD-Monitoring/hdd_monitor/index.php:201
[26-Apr-2012 23:43:51] PHP   3. call_user_func_array() /home/rully/git/HDD-Monitoring/hdd_monitor/system/core/CodeIgniter.php:339
[26-Apr-2012 23:43:51] PHP   4. Site->admin() /home/rully/git/HDD-Monitoring/hdd_monitor/system/core/CodeIgniter.php:0
[26-Apr-2012 23:43:51] PHP   5. CI_Loader->view() /home/rully/git/HDD-Monitoring/hdd_monitor/application/controllers/site.php:18
[26-Apr-2012 23:43:51] PHP   6. CI_Loader->_ci_load() /home/rully/git/HDD-Monitoring/hdd_monitor/system/core/Loader.php:308
[26-Apr-2012 23:43:51] PHP   7. include() /home/rully/git/HDD-Monitoring/hdd_monitor/system/core/Loader.php:683
[26-Apr-2012 23:43:51] PHP   8. CI_Loader->view() /home/rully/git/HDD-Monitoring/hdd_monitor/application/views/templates/template.php:7
[26-Apr-2012 23:43:51] PHP   9. CI_Loader->_ci_load() /home/rully/git/HDD-Monitoring/hdd_monitor/system/core/Loader.php:308
[26-Apr-2012 23:43:54] PHP Parse error:  syntax error, unexpected T_STRING in /home/rully/git/HDD-Monitoring/hdd_monitor/application/views/admin.php on line 4
[26-Apr-2012 23:43:54] PHP Stack trace:
[26-Apr-2012 23:43:54] PHP   1. {main}() /home/rully/git/HDD-Monitoring/hdd_monitor/index.php:0
[26-Apr-2012 23:43:54] PHP   2. require_once() /home/rully/git/HDD-Monitoring/hdd_monitor/index.php:201
[26-Apr-2012 23:43:54] PHP   3. call_user_func_array() /home/rully/git/HDD-Monitoring/hdd_monitor/system/core/CodeIgniter.php:339
[26-Apr-2012 23:43:54] PHP   4. Site->admin() /home/rully/git/HDD-Monitoring/hdd_monitor/system/core/CodeIgniter.php:0
[26-Apr-2012 23:43:54] PHP   5. CI_Loader->view() /home/rully/git/HDD-Monitoring/hdd_monitor/application/controllers/site.php:18
[26-Apr-2012 23:43:54] PHP   6. CI_Loader->_ci_load() /home/rully/git/HDD-Monitoring/hdd_monitor/system/core/Loader.php:308
[26-Apr-2012 23:43:54] PHP   7. include() /home/rully/git/HDD-Monitoring/hdd_monitor/system/core/Loader.php:683
[26-Apr-2012 23:43:54] PHP   8. CI_Loader->view() /home/rully/git/HDD-Monitoring/hdd_monitor/application/views/templates/template.php:7
[26-Apr-2012 23:43:54] PHP   9. CI_Loader->_ci_load() /home/rully/git/HDD-Monitoring/hdd_monitor/system/core/Loader.php:308
[27-Apr-2012 00:18:53] PHP Parse error:  syntax error, unexpected T_RETURN in /home/rully/git/HDD-Monitoring/hdd_monitor/application/models/modelhddmonitor.php on line 67
[27-Apr-2012 00:18:53] PHP Stack trace:
[27-Apr-2012 00:18:53] PHP   1. {main}() /home/rully/git/HDD-Monitoring/hdd_monitor/index.php:0
[27-Apr-2012 00:18:53] PHP   2. require_once() /home/rully/git/HDD-Monitoring/hdd_monitor/index.php:201
[27-Apr-2012 00:18:53] PHP   3. Site->__construct() /home/rully/git/HDD-Monitoring/hdd_monitor/system/core/CodeIgniter.php:288
[27-Apr-2012 00:18:53] PHP   4. CI_Loader->model() /home/rully/git/HDD-Monitoring/hdd_monitor/application/controllers/site.php:7
[27-Apr-2012 00:24:07] PHP Fatal error:  Call to undefined method CI_DB_mysql_result::order_by() in /home/rully/git/HDD-Monitoring/hdd_monitor/application/models/modelhddmonitor.php on line 55
[27-Apr-2012 00:24:07] PHP Stack trace:
[27-Apr-2012 00:24:07] PHP   1. {main}() /home/rully/git/HDD-Monitoring/hdd_monitor/index.php:0
[27-Apr-2012 00:24:07] PHP   2. require_once() /home/rully/git/HDD-Monitoring/hdd_monitor/index.php:201
[27-Apr-2012 00:24:07] PHP   3. call_user_func_array() /home/rully/git/HDD-Monitoring/hdd_monitor/system/core/CodeIgniter.php:339
[27-Apr-2012 00:24:07] PHP   4. Site->view_statistic() /home/rully/git/HDD-Monitoring/hdd_monitor/system/core/CodeIgniter.php:0
[27-Apr-2012 00:24:07] PHP   5. Modelhddmonitor->view_statistic_raw() /home/rully/git/HDD-Monitoring/hdd_monitor/application/controllers/site.php:125
[27-Apr-2012 00:24:28] PHP Parse error:  syntax error, unexpected T_VARIABLE in /home/rully/git/HDD-Monitoring/hdd_monitor/application/models/modelhddmonitor.php on line 56
[27-Apr-2012 00:24:28] PHP Stack trace:
[27-Apr-2012 00:24:28] PHP   1. {main}() /home/rully/git/HDD-Monitoring/hdd_monitor/index.php:0
[27-Apr-2012 00:24:28] PHP   2. require_once() /home/rully/git/HDD-Monitoring/hdd_monitor/index.php:201
[27-Apr-2012 00:24:28] PHP   3. Site->__construct() /home/rully/git/HDD-Monitoring/hdd_monitor/system/core/CodeIgniter.php:288
[27-Apr-2012 00:24:28] PHP   4. CI_Loader->model() /home/rully/git/HDD-Monitoring/hdd_monitor/application/controllers/site.php:7
[27-Apr-2012 00:24:39] PHP Fatal error:  Call to undefined method CI_DB_mysql_driver::result() in /home/rully/git/HDD-Monitoring/hdd_monitor/application/models/modelhddmonitor.php on line 57
[27-Apr-2012 00:24:39] PHP Stack trace:
[27-Apr-2012 00:24:39] PHP   1. {main}() /home/rully/git/HDD-Monitoring/hdd_monitor/index.php:0
[27-Apr-2012 00:24:39] PHP   2. require_once() /home/rully/git/HDD-Monitoring/hdd_monitor/index.php:201
[27-Apr-2012 00:24:39] PHP   3. call_user_func_array() /home/rully/git/HDD-Monitoring/hdd_monitor/system/core/CodeIgniter.php:339
[27-Apr-2012 00:24:39] PHP   4. Site->view_statistic() /home/rully/git/HDD-Monitoring/hdd_monitor/system/core/CodeIgniter.php:0
[27-Apr-2012 00:24:39] PHP   5. Modelhddmonitor->view_statistic_raw() /home/rully/git/HDD-Monitoring/hdd_monitor/application/controllers/site.php:125
[27-Apr-2012 00:25:08] PHP Fatal error:  Call to undefined method CI_DB_mysql_result::order_by() in /home/rully/git/HDD-Monitoring/hdd_monitor/application/models/modelhddmonitor.php on line 55
[27-Apr-2012 00:25:08] PHP Stack trace:
[27-Apr-2012 00:25:08] PHP   1. {main}() /home/rully/git/HDD-Monitoring/hdd_monitor/index.php:0
[27-Apr-2012 00:25:08] PHP   2. require_once() /home/rully/git/HDD-Monitoring/hdd_monitor/index.php:201
[27-Apr-2012 00:25:08] PHP   3. call_user_func_array() /home/rully/git/HDD-Monitoring/hdd_monitor/system/core/CodeIgniter.php:339
[27-Apr-2012 00:25:08] PHP   4. Site->view_statistic() /home/rully/git/HDD-Monitoring/hdd_monitor/system/core/CodeIgniter.php:0
[27-Apr-2012 00:25:08] PHP   5. Modelhddmonitor->view_statistic_raw() /home/rully/git/HDD-Monitoring/hdd_monitor/application/controllers/site.php:125
[27-Apr-2012 00:27:00] PHP Parse error:  syntax error, unexpected T_DOUBLE_ARROW in /home/rully/git/HDD-Monitoring/hdd_monitor/application/models/modelhddmonitor.php on line 55
[27-Apr-2012 00:27:00] PHP Stack trace:
[27-Apr-2012 00:27:00] PHP   1. {main}() /home/rully/git/HDD-Monitoring/hdd_monitor/index.php:0
[27-Apr-2012 00:27:00] PHP   2. require_once() /home/rully/git/HDD-Monitoring/hdd_monitor/index.php:201
[27-Apr-2012 00:27:00] PHP   3. Site->__construct() /home/rully/git/HDD-Monitoring/hdd_monitor/system/core/CodeIgniter.php:288
[27-Apr-2012 00:27:00] PHP   4. CI_Loader->model() /home/rully/git/HDD-Monitoring/hdd_monitor/application/controllers/site.php:7
[27-Apr-2012 00:27:23] PHP Fatal error:  Call to undefined method CI_DB_mysql_driver::result() in /home/rully/git/HDD-Monitoring/hdd_monitor/application/models/modelhddmonitor.php on line 56
[27-Apr-2012 00:27:23] PHP Stack trace:
[27-Apr-2012 00:27:23] PHP   1. {main}() /home/rully/git/HDD-Monitoring/hdd_monitor/index.php:0
[27-Apr-2012 00:27:23] PHP   2. require_once() /home/rully/git/HDD-Monitoring/hdd_monitor/index.php:201
[27-Apr-2012 00:27:23] PHP   3. call_user_func_array() /home/rully/git/HDD-Monitoring/hdd_monitor/system/core/CodeIgniter.php:339
[27-Apr-2012 00:27:23] PHP   4. Site->view_statistic() /home/rully/git/HDD-Monitoring/hdd_monitor/system/core/CodeIgniter.php:0
[27-Apr-2012 00:27:23] PHP   5. Modelhddmonitor->view_statistic_raw() /home/rully/git/HDD-Monitoring/hdd_monitor/application/controllers/site.php:125
[27-Apr-2012 00:27:54] PHP Fatal error:  Call to undefined method CI_DB_mysql_result::order_by() in /home/rully/git/HDD-Monitoring/hdd_monitor/application/models/modelhddmonitor.php on line 55
[27-Apr-2012 00:27:54] PHP Stack trace:
[27-Apr-2012 00:27:54] PHP   1. {main}() /home/rully/git/HDD-Monitoring/hdd_monitor/index.php:0
[27-Apr-2012 00:27:54] PHP   2. require_once() /home/rully/git/HDD-Monitoring/hdd_monitor/index.php:201
[27-Apr-2012 00:27:54] PHP   3. call_user_func_array() /home/rully/git/HDD-Monitoring/hdd_monitor/system/core/CodeIgniter.php:339
[27-Apr-2012 00:27:54] PHP   4. Site->view_statistic() /home/rully/git/HDD-Monitoring/hdd_monitor/system/core/CodeIgniter.php:0
[27-Apr-2012 00:27:54] PHP   5. Modelhddmonitor->view_statistic_raw() /home/rully/git/HDD-Monitoring/hdd_monitor/application/controllers/site.php:125
[27-Apr-2012 00:28:56] PHP Parse error:  syntax error, unexpected T_DOUBLE_ARROW in /home/rully/git/HDD-Monitoring/hdd_monitor/application/models/modelhddmonitor.php on line 55
[27-Apr-2012 00:28:56] PHP Stack trace:
[27-Apr-2012 00:28:56] PHP   1. {main}() /home/rully/git/HDD-Monitoring/hdd_monitor/index.php:0
[27-Apr-2012 00:28:56] PHP   2. require_once() /home/rully/git/HDD-Monitoring/hdd_monitor/index.php:201
[27-Apr-2012 00:28:56] PHP   3. Site->__construct() /home/rully/git/HDD-Monitoring/hdd_monitor/system/core/CodeIgniter.php:288
[27-Apr-2012 00:28:56] PHP   4. CI_Loader->model() /home/rully/git/HDD-Monitoring/hdd_monitor/application/controllers/site.php:7
[27-Apr-2012 21:28:31] PHP Fatal error:  Call to a member function result() on a non-object in /home/rully/git/HDD-Monitoring/hdd_monitor/application/models/modelhddmonitor.php on line 72
[27-Apr-2012 21:28:31] PHP Stack trace:
[27-Apr-2012 21:28:31] PHP   1. {main}() /home/rully/git/HDD-Monitoring/hdd_monitor/index.php:0
[27-Apr-2012 21:28:31] PHP   2. require_once() /home/rully/git/HDD-Monitoring/hdd_monitor/index.php:201
[27-Apr-2012 21:28:31] PHP   3. call_user_func_array() /home/rully/git/HDD-Monitoring/hdd_monitor/system/core/CodeIgniter.php:339
[27-Apr-2012 21:28:31] PHP   4. Site->admin() /home/rully/git/HDD-Monitoring/hdd_monitor/system/core/CodeIgniter.php:0
[27-Apr-2012 21:28:31] PHP   5. Modelhddmonitor->view_device() /home/rully/git/HDD-Monitoring/hdd_monitor/application/controllers/site.php:16
[27-Apr-2012 21:28:50] PHP Parse error:  syntax error, unexpected ';' in /home/rully/git/HDD-Monitoring/hdd_monitor/application/views/admin.php on line 18
[27-Apr-2012 21:28:50] PHP Stack trace:
[27-Apr-2012 21:28:50] PHP   1. {main}() /home/rully/git/HDD-Monitoring/hdd_monitor/index.php:0
[27-Apr-2012 21:28:50] PHP   2. require_once() /home/rully/git/HDD-Monitoring/hdd_monitor/index.php:201
[27-Apr-2012 21:28:50] PHP   3. call_user_func_array() /home/rully/git/HDD-Monitoring/hdd_monitor/system/core/CodeIgniter.php:339
[27-Apr-2012 21:28:50] PHP   4. Site->admin() /home/rully/git/HDD-Monitoring/hdd_monitor/system/core/CodeIgniter.php:0
[27-Apr-2012 21:28:50] PHP   5. CI_Loader->view() /home/rully/git/HDD-Monitoring/hdd_monitor/application/controllers/site.php:18
[27-Apr-2012 21:28:50] PHP   6. CI_Loader->_ci_load() /home/rully/git/HDD-Monitoring/hdd_monitor/system/core/Loader.php:308
[27-Apr-2012 21:28:50] PHP   7. include() /home/rully/git/HDD-Monitoring/hdd_monitor/system/core/Loader.php:683
[27-Apr-2012 21:28:50] PHP   8. CI_Loader->view() /home/rully/git/HDD-Monitoring/hdd_monitor/application/views/templates/template.php:7
[27-Apr-2012 21:28:50] PHP   9. CI_Loader->_ci_load() /home/rully/git/HDD-Monitoring/hdd_monitor/system/core/Loader.php:308
[27-Apr-2012 21:29:13] PHP Parse error:  syntax error, unexpected ';' in /home/rully/git/HDD-Monitoring/hdd_monitor/application/views/admin.php on line 18
[27-Apr-2012 21:29:13] PHP Stack trace:
[27-Apr-2012 21:29:13] PHP   1. {main}() /home/rully/git/HDD-Monitoring/hdd_monitor/index.php:0
[27-Apr-2012 21:29:13] PHP   2. require_once() /home/rully/git/HDD-Monitoring/hdd_monitor/index.php:201
[27-Apr-2012 21:29:13] PHP   3. call_user_func_array() /home/rully/git/HDD-Monitoring/hdd_monitor/system/core/CodeIgniter.php:339
[27-Apr-2012 21:29:13] PHP   4. Site->admin() /home/rully/git/HDD-Monitoring/hdd_monitor/system/core/CodeIgniter.php:0
[27-Apr-2012 21:29:13] PHP   5. CI_Loader->view() /home/rully/git/HDD-Monitoring/hdd_monitor/application/controllers/site.php:18
[27-Apr-2012 21:29:13] PHP   6. CI_Loader->_ci_load() /home/rully/git/HDD-Monitoring/hdd_monitor/system/core/Loader.php:308
[27-Apr-2012 21:29:13] PHP   7. include() /home/rully/git/HDD-Monitoring/hdd_monitor/system/core/Loader.php:683
[27-Apr-2012 21:29:13] PHP   8. CI_Loader->view() /home/rully/git/HDD-Monitoring/hdd_monitor/application/views/templates/template.php:7
[27-Apr-2012 21:29:13] PHP   9. CI_Loader->_ci_load() /home/rully/git/HDD-Monitoring/hdd_monitor/system/core/Loader.php:308
[27-Apr-2012 21:29:50] PHP Parse error:  syntax error, unexpected ';' in /home/rully/git/HDD-Monitoring/hdd_monitor/application/views/admin.php on line 18
[27-Apr-2012 21:29:50] PHP Stack trace:
[27-Apr-2012 21:29:50] PHP   1. {main}() /home/rully/git/HDD-Monitoring/hdd_monitor/index.php:0
[27-Apr-2012 21:29:50] PHP   2. require_once() /home/rully/git/HDD-Monitoring/hdd_monitor/index.php:201
[27-Apr-2012 21:29:50] PHP   3. call_user_func_array() /home/rully/git/HDD-Monitoring/hdd_monitor/system/core/CodeIgniter.php:339
[27-Apr-2012 21:29:50] PHP   4. Site->admin() /home/rully/git/HDD-Monitoring/hdd_monitor/system/core/CodeIgniter.php:0
[27-Apr-2012 21:29:50] PHP   5. CI_Loader->view() /home/rully/git/HDD-Monitoring/hdd_monitor/application/controllers/site.php:18
[27-Apr-2012 21:29:50] PHP   6. CI_Loader->_ci_load() /home/rully/git/HDD-Monitoring/hdd_monitor/system/core/Loader.php:308
[27-Apr-2012 21:29:50] PHP   7. include() /home/rully/git/HDD-Monitoring/hdd_monitor/system/core/Loader.php:683
[27-Apr-2012 21:29:50] PHP   8. CI_Loader->view() /home/rully/git/HDD-Monitoring/hdd_monitor/application/views/templates/template.php:7
[27-Apr-2012 21:29:50] PHP   9. CI_Loader->_ci_load() /home/rully/git/HDD-Monitoring/hdd_monitor/system/core/Loader.php:308
[27-Apr-2012 21:34:49] PHP Fatal error:  Call to a member function result() on a non-object in /home/rully/git/HDD-Monitoring/hdd_monitor/application/models/modelhddmonitor.php on line 69
[27-Apr-2012 21:34:49] PHP Stack trace:
[27-Apr-2012 21:34:49] PHP   1. {main}() /home/rully/git/HDD-Monitoring/hdd_monitor/index.php:0
[27-Apr-2012 21:34:49] PHP   2. require_once() /home/rully/git/HDD-Monitoring/hdd_monitor/index.php:201
[27-Apr-2012 21:34:49] PHP   3. call_user_func_array() /home/rully/git/HDD-Monitoring/hdd_monitor/system/core/CodeIgniter.php:339
[27-Apr-2012 21:34:49] PHP   4. Site->admin() /home/rully/git/HDD-Monitoring/hdd_monitor/system/core/CodeIgniter.php:0
[27-Apr-2012 21:34:49] PHP   5. Modelhddmonitor->view_device() /home/rully/git/HDD-Monitoring/hdd_monitor/application/controllers/site.php:16
[27-Apr-2012 21:36:14] PHP Fatal error:  Call to a member function result() on a non-object in /home/rully/git/HDD-Monitoring/hdd_monitor/application/models/modelhddmonitor.php on line 73
[27-Apr-2012 21:36:14] PHP Stack trace:
[27-Apr-2012 21:36:14] PHP   1. {main}() /home/rully/git/HDD-Monitoring/hdd_monitor/index.php:0
[27-Apr-2012 21:36:14] PHP   2. require_once() /home/rully/git/HDD-Monitoring/hdd_monitor/index.php:201
[27-Apr-2012 21:36:14] PHP   3. call_user_func_array() /home/rully/git/HDD-Monitoring/hdd_monitor/system/core/CodeIgniter.php:339
[27-Apr-2012 21:36:14] PHP   4. Site->admin() /home/rully/git/HDD-Monitoring/hdd_monitor/system/core/CodeIgniter.php:0
[27-Apr-2012 21:36:14] PHP   5. Modelhddmonitor->view_device() /home/rully/git/HDD-Monitoring/hdd_monitor/application/controllers/site.php:16
[27-Apr-2012 21:43:13] PHP Fatal error:  Call to undefined method CI_DB_mysql_driver::get_where_in() in /home/rully/git/HDD-Monitoring/hdd_monitor/application/models/modelhddmonitor.php on line 66
[27-Apr-2012 21:43:13] PHP Stack trace:
[27-Apr-2012 21:43:13] PHP   1. {main}() /home/rully/git/HDD-Monitoring/hdd_monitor/index.php:0
[27-Apr-2012 21:43:13] PHP   2. require_once() /home/rully/git/HDD-Monitoring/hdd_monitor/index.php:201
[27-Apr-2012 21:43:13] PHP   3. call_user_func_array() /home/rully/git/HDD-Monitoring/hdd_monitor/system/core/CodeIgniter.php:339
[27-Apr-2012 21:43:13] PHP   4. Site->admin() /home/rully/git/HDD-Monitoring/hdd_monitor/system/core/CodeIgniter.php:0
[27-Apr-2012 21:43:13] PHP   5. Modelhddmonitor->view_device() /home/rully/git/HDD-Monitoring/hdd_monitor/application/controllers/site.php:16
[27-Apr-2012 21:43:46] PHP Fatal error:  Call to undefined method CI_DB_mysql_driver::result() in /home/rully/git/HDD-Monitoring/hdd_monitor/application/models/modelhddmonitor.php on line 67
[27-Apr-2012 21:43:46] PHP Stack trace:
[27-Apr-2012 21:43:46] PHP   1. {main}() /home/rully/git/HDD-Monitoring/hdd_monitor/index.php:0
[27-Apr-2012 21:43:46] PHP   2. require_once() /home/rully/git/HDD-Monitoring/hdd_monitor/index.php:201
[27-Apr-2012 21:43:46] PHP   3. call_user_func_array() /home/rully/git/HDD-Monitoring/hdd_monitor/system/core/CodeIgniter.php:339
[27-Apr-2012 21:43:46] PHP   4. Site->admin() /home/rully/git/HDD-Monitoring/hdd_monitor/system/core/CodeIgniter.php:0
[27-Apr-2012 21:43:46] PHP   5. Modelhddmonitor->view_device() /home/rully/git/HDD-Monitoring/hdd_monitor/application/controllers/site.php:16
[27-Apr-2012 21:44:47] PHP Fatal error:  Call to undefined method Modelhddmonitor::from() in /home/rully/git/HDD-Monitoring/hdd_monitor/application/models/modelhddmonitor.php on line 66
[27-Apr-2012 21:44:47] PHP Stack trace:
[27-Apr-2012 21:44:47] PHP   1. {main}() /home/rully/git/HDD-Monitoring/hdd_monitor/index.php:0
[27-Apr-2012 21:44:47] PHP   2. require_once() /home/rully/git/HDD-Monitoring/hdd_monitor/index.php:201
[27-Apr-2012 21:44:47] PHP   3. call_user_func_array() /home/rully/git/HDD-Monitoring/hdd_monitor/system/core/CodeIgniter.php:339
[27-Apr-2012 21:44:47] PHP   4. Site->admin() /home/rully/git/HDD-Monitoring/hdd_monitor/system/core/CodeIgniter.php:0
[27-Apr-2012 21:44:47] PHP   5. Modelhddmonitor->view_device() /home/rully/git/HDD-Monitoring/hdd_monitor/application/controllers/site.php:16
[27-Apr-2012 22:00:19] PHP Fatal error:  Call to undefined method Modelhddmonitor::view_statistic_raw() in /home/rully/git/HDD-Monitoring/hdd_monitor/application/controllers/site.php on line 125
[27-Apr-2012 22:00:19] PHP Stack trace:
[27-Apr-2012 22:00:19] PHP   1. {main}() /home/rully/git/HDD-Monitoring/hdd_monitor/index.php:0
[27-Apr-2012 22:00:19] PHP   2. require_once() /home/rully/git/HDD-Monitoring/hdd_monitor/index.php:201
[27-Apr-2012 22:00:19] PHP   3. call_user_func_array() /home/rully/git/HDD-Monitoring/hdd_monitor/system/core/CodeIgniter.php:339
[27-Apr-2012 22:00:19] PHP   4. Site->view_statistic_from_IP_raw() /home/rully/git/HDD-Monitoring/hdd_monitor/system/core/CodeIgniter.php:0
[27-Apr-2012 22:00:26] PHP Fatal error:  Call to undefined method Modelhddmonitor::view_statistic_raw() in /home/rully/git/HDD-Monitoring/hdd_monitor/application/controllers/site.php on line 125
[27-Apr-2012 22:00:26] PHP Stack trace:
[27-Apr-2012 22:00:26] PHP   1. {main}() /home/rully/git/HDD-Monitoring/hdd_monitor/index.php:0
[27-Apr-2012 22:00:26] PHP   2. require_once() /home/rully/git/HDD-Monitoring/hdd_monitor/index.php:201
[27-Apr-2012 22:00:26] PHP   3. call_user_func_array() /home/rully/git/HDD-Monitoring/hdd_monitor/system/core/CodeIgniter.php:339
[27-Apr-2012 22:00:26] PHP   4. Site->view_statistic_from_IP_raw() /home/rully/git/HDD-Monitoring/hdd_monitor/system/core/CodeIgniter.php:0
[27-Apr-2012 22:38:18] PHP Parse error:  syntax error, unexpected T_CONSTANT_ENCAPSED_STRING, expecting ')' in /home/rully/git/HDD-Monitoring/hdd_monitor/application/controllers/site.php on line 53
[27-Apr-2012 22:38:18] PHP Stack trace:
[27-Apr-2012 22:38:18] PHP   1. {main}() /home/rully/git/HDD-Monitoring/hdd_monitor/index.php:0
[27-Apr-2012 22:38:18] PHP   2. require_once() /home/rully/git/HDD-Monitoring/hdd_monitor/index.php:201
[30-Apr-2012 21:11:07] PHP Fatal error:  Call to a member function result() on a non-object in /home/rully/git/HDD-Monitoring/hdd_monitor/application/models/modelhddmonitor.php on line 84
[30-Apr-2012 21:11:07] PHP Stack trace:
[30-Apr-2012 21:11:07] PHP   1. {main}() /home/rully/git/HDD-Monitoring/hdd_monitor/index.php:0
[30-Apr-2012 21:11:07] PHP   2. require_once() /home/rully/git/HDD-Monitoring/hdd_monitor/index.php:201
[30-Apr-2012 21:11:07] PHP   3. call_user_func_array() /home/rully/git/HDD-Monitoring/hdd_monitor/system/core/CodeIgniter.php:339
[30-Apr-2012 21:11:07] PHP   4. Site->admin() /home/rully/git/HDD-Monitoring/hdd_monitor/system/core/CodeIgniter.php:0
[30-Apr-2012 21:11:07] PHP   5. Modelhddmonitor->view_partition() /home/rully/git/HDD-Monitoring/hdd_monitor/application/controllers/site.php:18
[30-Apr-2012 21:32:07] PHP Parse error:  syntax error, unexpected '(', expecting T_STRING or T_VARIABLE or '{' or '$' in /home/rully/git/HDD-Monitoring/hdd_monitor/application/models/modelhddmonitor.php on line 82
[30-Apr-2012 21:32:07] PHP Stack trace:
[30-Apr-2012 21:32:07] PHP   1. {main}() /home/rully/git/HDD-Monitoring/hdd_monitor/index.php:0
[30-Apr-2012 21:32:07] PHP   2. require_once() /home/rully/git/HDD-Monitoring/hdd_monitor/index.php:201
[30-Apr-2012 21:32:07] PHP   3. Site->__construct() /home/rully/git/HDD-Monitoring/hdd_monitor/system/core/CodeIgniter.php:288
[30-Apr-2012 21:32:07] PHP   4. CI_Loader->model() /home/rully/git/HDD-Monitoring/hdd_monitor/application/controllers/site.php:7
[30-Apr-2012 21:56:33] PHP Fatal error:  Call to a member function result() on a non-object in /home/rully/git/HDD-Monitoring/hdd_monitor/application/views/admin.php on line 20
[30-Apr-2012 21:56:33] PHP Stack trace:
[30-Apr-2012 21:56:33] PHP   1. {main}() /home/rully/git/HDD-Monitoring/hdd_monitor/index.php:0
[30-Apr-2012 21:56:33] PHP   2. require_once() /home/rully/git/HDD-Monitoring/hdd_monitor/index.php:201
[30-Apr-2012 21:56:33] PHP   3. call_user_func_array() /home/rully/git/HDD-Monitoring/hdd_monitor/system/core/CodeIgniter.php:339
[30-Apr-2012 21:56:33] PHP   4. Site->admin() /home/rully/git/HDD-Monitoring/hdd_monitor/system/core/CodeIgniter.php:0
[30-Apr-2012 21:56:33] PHP   5. CI_Loader->view() /home/rully/git/HDD-Monitoring/hdd_monitor/application/controllers/site.php:18
[30-Apr-2012 21:56:33] PHP   6. CI_Loader->_ci_load() /home/rully/git/HDD-Monitoring/hdd_monitor/system/core/Loader.php:308
[30-Apr-2012 21:56:33] PHP   7. include() /home/rully/git/HDD-Monitoring/hdd_monitor/system/core/Loader.php:683
[30-Apr-2012 21:56:33] PHP   8. CI_Loader->view() /home/rully/git/HDD-Monitoring/hdd_monitor/application/views/templates/template.php:7
[30-Apr-2012 21:56:33] PHP   9. CI_Loader->_ci_load() /home/rully/git/HDD-Monitoring/hdd_monitor/system/core/Loader.php:308
[30-Apr-2012 21:56:33] PHP  10. include() /home/rully/git/HDD-Monitoring/hdd_monitor/system/core/Loader.php:683
[30-Apr-2012 22:06:10] PHP Parse error:  syntax error, unexpected T_STRING, expecting ',' or ';' in /home/rully/git/HDD-Monitoring/hdd_monitor/application/views/admin.php on line 29
[30-Apr-2012 22:06:10] PHP Stack trace:
[30-Apr-2012 22:06:10] PHP   1. {main}() /home/rully/git/HDD-Monitoring/hdd_monitor/index.php:0
[30-Apr-2012 22:06:10] PHP   2. require_once() /home/rully/git/HDD-Monitoring/hdd_monitor/index.php:201
[30-Apr-2012 22:06:10] PHP   3. call_user_func_array() /home/rully/git/HDD-Monitoring/hdd_monitor/system/core/CodeIgniter.php:339
[30-Apr-2012 22:06:10] PHP   4. Site->admin() /home/rully/git/HDD-Monitoring/hdd_monitor/system/core/CodeIgniter.php:0
[30-Apr-2012 22:06:10] PHP   5. CI_Loader->view() /home/rully/git/HDD-Monitoring/hdd_monitor/application/controllers/site.php:18
[30-Apr-2012 22:06:10] PHP   6. CI_Loader->_ci_load() /home/rully/git/HDD-Monitoring/hdd_monitor/system/core/Loader.php:308
[30-Apr-2012 22:06:10] PHP   7. include() /home/rully/git/HDD-Monitoring/hdd_monitor/system/core/Loader.php:683
[30-Apr-2012 22:06:10] PHP   8. CI_Loader->view() /home/rully/git/HDD-Monitoring/hdd_monitor/application/views/templates/template.php:7
[30-Apr-2012 22:06:10] PHP   9. CI_Loader->_ci_load() /home/rully/git/HDD-Monitoring/hdd_monitor/system/core/Loader.php:308
[30-Apr-2012 23:08:59] PHP Parse error:  syntax error, unexpected ';' in /home/rully/git/HDD-Monitoring/hdd_monitor/application/views/view_charts.php on line 107
[30-Apr-2012 23:08:59] PHP Stack trace:
[30-Apr-2012 23:08:59] PHP   1. {main}() /home/rully/git/HDD-Monitoring/hdd_monitor/index.php:0
[30-Apr-2012 23:08:59] PHP   2. require_once() /home/rully/git/HDD-Monitoring/hdd_monitor/index.php:201
[30-Apr-2012 23:08:59] PHP   3. call_user_func_array() /home/rully/git/HDD-Monitoring/hdd_monitor/system/core/CodeIgniter.php:339
[30-Apr-2012 23:08:59] PHP   4. Site->chart() /home/rully/git/HDD-Monitoring/hdd_monitor/system/core/CodeIgniter.php:0
[30-Apr-2012 23:08:59] PHP   5. CI_Loader->view() /home/rully/git/HDD-Monitoring/hdd_monitor/application/controllers/site.php:163
[30-Apr-2012 23:08:59] PHP   6. CI_Loader->_ci_load() /home/rully/git/HDD-Monitoring/hdd_monitor/system/core/Loader.php:308
[30-Apr-2012 23:13:37] PHP Parse error:  syntax error, unexpected T_CONSTANT_ENCAPSED_STRING in /home/rully/git/HDD-Monitoring/hdd_monitor/application/views/view_charts.php on line 109
[30-Apr-2012 23:13:37] PHP Stack trace:
[30-Apr-2012 23:13:37] PHP   1. {main}() /home/rully/git/HDD-Monitoring/hdd_monitor/index.php:0
[30-Apr-2012 23:13:37] PHP   2. require_once() /home/rully/git/HDD-Monitoring/hdd_monitor/index.php:201
[30-Apr-2012 23:13:37] PHP   3. call_user_func_array() /home/rully/git/HDD-Monitoring/hdd_monitor/system/core/CodeIgniter.php:339
[30-Apr-2012 23:13:37] PHP   4. Site->chart() /home/rully/git/HDD-Monitoring/hdd_monitor/system/core/CodeIgniter.php:0
[30-Apr-2012 23:13:37] PHP   5. CI_Loader->view() /home/rully/git/HDD-Monitoring/hdd_monitor/application/controllers/site.php:166
[30-Apr-2012 23:13:37] PHP   6. CI_Loader->_ci_load() /home/rully/git/HDD-Monitoring/hdd_monitor/system/core/Loader.php:308
[30-Apr-2012 23:14:04] PHP Parse error:  syntax error, unexpected T_CONSTANT_ENCAPSED_STRING in /home/rully/git/HDD-Monitoring/hdd_monitor/application/views/view_charts.php on line 109
[30-Apr-2012 23:14:04] PHP Stack trace:
[30-Apr-2012 23:14:04] PHP   1. {main}() /home/rully/git/HDD-Monitoring/hdd_monitor/index.php:0
[30-Apr-2012 23:14:04] PHP   2. require_once() /home/rully/git/HDD-Monitoring/hdd_monitor/index.php:201
[30-Apr-2012 23:14:04] PHP   3. call_user_func_array() /home/rully/git/HDD-Monitoring/hdd_monitor/system/core/CodeIgniter.php:339
[30-Apr-2012 23:14:04] PHP   4. Site->chart() /home/rully/git/HDD-Monitoring/hdd_monitor/system/core/CodeIgniter.php:0
[30-Apr-2012 23:14:04] PHP   5. CI_Loader->view() /home/rully/git/HDD-Monitoring/hdd_monitor/application/controllers/site.php:166
[30-Apr-2012 23:14:04] PHP   6. CI_Loader->_ci_load() /home/rully/git/HDD-Monitoring/hdd_monitor/system/core/Loader.php:308
[30-Apr-2012 23:14:21] PHP Parse error:  syntax error, unexpected '<' in /home/rully/git/HDD-Monitoring/hdd_monitor/application/views/view_charts.php on line 109
[30-Apr-2012 23:14:21] PHP Stack trace:
[30-Apr-2012 23:14:21] PHP   1. {main}() /home/rully/git/HDD-Monitoring/hdd_monitor/index.php:0
[30-Apr-2012 23:14:21] PHP   2. require_once() /home/rully/git/HDD-Monitoring/hdd_monitor/index.php:201
[30-Apr-2012 23:14:21] PHP   3. call_user_func_array() /home/rully/git/HDD-Monitoring/hdd_monitor/system/core/CodeIgniter.php:339
[30-Apr-2012 23:14:21] PHP   4. Site->chart() /home/rully/git/HDD-Monitoring/hdd_monitor/system/core/CodeIgniter.php:0
[30-Apr-2012 23:14:21] PHP   5. CI_Loader->view() /home/rully/git/HDD-Monitoring/hdd_monitor/application/controllers/site.php:166
[30-Apr-2012 23:14:21] PHP   6. CI_Loader->_ci_load() /home/rully/git/HDD-Monitoring/hdd_monitor/system/core/Loader.php:308
[01-May-2012 00:02:23] PHP Parse error:  syntax error, unexpected T_ELSE, expecting T_FUNCTION in /home/rully/git/HDD-Monitoring/hdd_monitor/application/controllers/site.php on line 181
[01-May-2012 00:02:23] PHP Stack trace:
[01-May-2012 00:02:23] PHP   1. {main}() /home/rully/git/HDD-Monitoring/hdd_monitor/index.php:0
[01-May-2012 00:02:23] PHP   2. require_once() /home/rully/git/HDD-Monitoring/hdd_monitor/index.php:201
[01-May-2012 00:08:41] PHP Parse error:  syntax error, unexpected T_CASE in /home/rully/git/HDD-Monitoring/hdd_monitor/application/views/view_charts.php on line 52
[01-May-2012 00:08:41] PHP Stack trace:
[01-May-2012 00:08:41] PHP   1. {main}() /home/rully/git/HDD-Monitoring/hdd_monitor/index.php:0
[01-May-2012 00:08:41] PHP   2. require_once() /home/rully/git/HDD-Monitoring/hdd_monitor/index.php:201
[01-May-2012 00:08:41] PHP   3. call_user_func_array() /home/rully/git/HDD-Monitoring/hdd_monitor/system/core/CodeIgniter.php:339
[01-May-2012 00:08:41] PHP   4. Site->chart() /home/rully/git/HDD-Monitoring/hdd_monitor/system/core/CodeIgniter.php:0
[01-May-2012 00:08:41] PHP   5. CI_Loader->view() /home/rully/git/HDD-Monitoring/hdd_monitor/application/controllers/site.php:175
[01-May-2012 00:08:41] PHP   6. CI_Loader->_ci_load() /home/rully/git/HDD-Monitoring/hdd_monitor/system/core/Loader.php:308
[01-May-2012 00:18:51] PHP Parse error:  syntax error, unexpected '}', expecting ',' or ';' in /home/rully/git/HDD-Monitoring/hdd_monitor/application/views/view_charts.php on line 129
[01-May-2012 00:18:51] PHP Stack trace:
[01-May-2012 00:18:51] PHP   1. {main}() /home/rully/git/HDD-Monitoring/hdd_monitor/index.php:0
[01-May-2012 00:18:51] PHP   2. require_once() /home/rully/git/HDD-Monitoring/hdd_monitor/index.php:201
[01-May-2012 00:18:51] PHP   3. call_user_func_array() /home/rully/git/HDD-Monitoring/hdd_monitor/system/core/CodeIgniter.php:339
[01-May-2012 00:18:51] PHP   4. Site->chart() /home/rully/git/HDD-Monitoring/hdd_monitor/system/core/CodeIgniter.php:0
[01-May-2012 00:18:51] PHP   5. CI_Loader->view() /home/rully/git/HDD-Monitoring/hdd_monitor/application/controllers/site.php:177
[01-May-2012 00:18:51] PHP   6. CI_Loader->_ci_load() /home/rully/git/HDD-Monitoring/hdd_monitor/system/core/Loader.php:308
[01-May-2012 00:19:18] PHP Parse error:  syntax error, unexpected '}' in /home/rully/git/HDD-Monitoring/hdd_monitor/application/views/view_charts.php on line 129
[01-May-2012 00:19:18] PHP Stack trace:
[01-May-2012 00:19:18] PHP   1. {main}() /home/rully/git/HDD-Monitoring/hdd_monitor/index.php:0
[01-May-2012 00:19:18] PHP   2. require_once() /home/rully/git/HDD-Monitoring/hdd_monitor/index.php:201
[01-May-2012 00:19:18] PHP   3. call_user_func_array() /home/rully/git/HDD-Monitoring/hdd_monitor/system/core/CodeIgniter.php:339
[01-May-2012 00:19:18] PHP   4. Site->chart() /home/rully/git/HDD-Monitoring/hdd_monitor/system/core/CodeIgniter.php:0
[01-May-2012 00:19:18] PHP   5. CI_Loader->view() /home/rully/git/HDD-Monitoring/hdd_monitor/application/controllers/site.php:177
[01-May-2012 00:19:18] PHP   6. CI_Loader->_ci_load() /home/rully/git/HDD-Monitoring/hdd_monitor/system/core/Loader.php:308
[01-May-2012 00:20:44] PHP Fatal error:  Call to undefined function exsist() in /home/rully/git/HDD-Monitoring/hdd_monitor/application/views/view_charts.php on line 129
[01-May-2012 00:20:44] PHP Stack trace:
[01-May-2012 00:20:44] PHP   1. {main}() /home/rully/git/HDD-Monitoring/hdd_monitor/index.php:0
[01-May-2012 00:20:44] PHP   2. require_once() /home/rully/git/HDD-Monitoring/hdd_monitor/index.php:201
[01-May-2012 00:20:44] PHP   3. call_user_func_array() /home/rully/git/HDD-Monitoring/hdd_monitor/system/core/CodeIgniter.php:339
[01-May-2012 00:20:44] PHP   4. Site->chart() /home/rully/git/HDD-Monitoring/hdd_monitor/system/core/CodeIgniter.php:0
[01-May-2012 00:20:44] PHP   5. CI_Loader->view() /home/rully/git/HDD-Monitoring/hdd_monitor/application/controllers/site.php:177
[01-May-2012 00:20:44] PHP   6. CI_Loader->_ci_load() /home/rully/git/HDD-Monitoring/hdd_monitor/system/core/Loader.php:308
[01-May-2012 00:20:44] PHP   7. include() /home/rully/git/HDD-Monitoring/hdd_monitor/system/core/Loader.php:683
[01-May-2012 00:50:19] PHP Parse error:  syntax error, unexpected '}' in /home/rully/git/HDD-Monitoring/hdd_monitor/application/views/view_charts.php on line 139
[01-May-2012 00:50:19] PHP Stack trace:
[01-May-2012 00:50:19] PHP   1. {main}() /home/rully/git/HDD-Monitoring/hdd_monitor/index.php:0
[01-May-2012 00:50:19] PHP   2. require_once() /home/rully/git/HDD-Monitoring/hdd_monitor/index.php:201
[01-May-2012 00:50:19] PHP   3. call_user_func_array() /home/rully/git/HDD-Monitoring/hdd_monitor/system/core/CodeIgniter.php:339
[01-May-2012 00:50:19] PHP   4. Site->chart() /home/rully/git/HDD-Monitoring/hdd_monitor/system/core/CodeIgniter.php:0
[01-May-2012 00:50:19] PHP   5. CI_Loader->view() /home/rully/git/HDD-Monitoring/hdd_monitor/application/controllers/site.php:177
[01-May-2012 00:50:19] PHP   6. CI_Loader->_ci_load() /home/rully/git/HDD-Monitoring/hdd_monitor/system/core/Loader.php:308
[01-May-2012 00:51:50] PHP Fatal error:  Call to undefined function var_duimp() in /home/rully/git/HDD-Monitoring/hdd_monitor/application/views/view_charts.php on line 132
[01-May-2012 00:51:50] PHP Stack trace:
[01-May-2012 00:51:50] PHP   1. {main}() /home/rully/git/HDD-Monitoring/hdd_monitor/index.php:0
[01-May-2012 00:51:50] PHP   2. require_once() /home/rully/git/HDD-Monitoring/hdd_monitor/index.php:201
[01-May-2012 00:51:50] PHP   3. call_user_func_array() /home/rully/git/HDD-Monitoring/hdd_monitor/system/core/CodeIgniter.php:339
[01-May-2012 00:51:50] PHP   4. Site->chart() /home/rully/git/HDD-Monitoring/hdd_monitor/system/core/CodeIgniter.php:0
[01-May-2012 00:51:50] PHP   5. CI_Loader->view() /home/rully/git/HDD-Monitoring/hdd_monitor/application/controllers/site.php:177
[01-May-2012 00:51:50] PHP   6. CI_Loader->_ci_load() /home/rully/git/HDD-Monitoring/hdd_monitor/system/core/Loader.php:308
[01-May-2012 00:51:50] PHP   7. include() /home/rully/git/HDD-Monitoring/hdd_monitor/system/core/Loader.php:683
[01-May-2012 01:01:04] PHP Parse error:  syntax error, unexpected '}' in /home/rully/git/HDD-Monitoring/hdd_monitor/application/views/view_charts.php on line 150
[01-May-2012 01:01:04] PHP Stack trace:
[01-May-2012 01:01:04] PHP   1. {main}() /home/rully/git/HDD-Monitoring/hdd_monitor/index.php:0
[01-May-2012 01:01:04] PHP   2. require_once() /home/rully/git/HDD-Monitoring/hdd_monitor/index.php:201
[01-May-2012 01:01:04] PHP   3. call_user_func_array() /home/rully/git/HDD-Monitoring/hdd_monitor/system/core/CodeIgniter.php:339
[01-May-2012 01:01:04] PHP   4. Site->chart() /home/rully/git/HDD-Monitoring/hdd_monitor/system/core/CodeIgniter.php:0
[01-May-2012 01:01:04] PHP   5. CI_Loader->view() /home/rully/git/HDD-Monitoring/hdd_monitor/application/controllers/site.php:177
[01-May-2012 01:01:04] PHP   6. CI_Loader->_ci_load() /home/rully/git/HDD-Monitoring/hdd_monitor/system/core/Loader.php:308
[01-May-2012 01:06:15] PHP Fatal error:  Call to a member function query() on a non-object in /home/rully/git/HDD-Monitoring/hdd_monitor/application/views/view_charts.php on line 132
[01-May-2012 01:06:15] PHP Stack trace:
[01-May-2012 01:06:15] PHP   1. {main}() /home/rully/git/HDD-Monitoring/hdd_monitor/index.php:0
[01-May-2012 01:06:15] PHP   2. require_once() /home/rully/git/HDD-Monitoring/hdd_monitor/index.php:201
[01-May-2012 01:06:15] PHP   3. call_user_func_array() /home/rully/git/HDD-Monitoring/hdd_monitor/system/core/CodeIgniter.php:339
[01-May-2012 01:06:15] PHP   4. Site->chart() /home/rully/git/HDD-Monitoring/hdd_monitor/system/core/CodeIgniter.php:0
[01-May-2012 01:06:15] PHP   5. CI_Loader->view() /home/rully/git/HDD-Monitoring/hdd_monitor/application/controllers/site.php:178
[01-May-2012 01:06:15] PHP   6. CI_Loader->_ci_load() /home/rully/git/HDD-Monitoring/hdd_monitor/system/core/Loader.php:308
[01-May-2012 01:06:15] PHP   7. include() /home/rully/git/HDD-Monitoring/hdd_monitor/system/core/Loader.php:683
[01-May-2012 01:12:11] PHP Fatal error:  Maximum execution time of 300 seconds exceeded in /home/rully/git/HDD-Monitoring/hdd_monitor/application/views/view_charts.php on line 133
[01-May-2012 01:12:11] PHP Stack trace:
[01-May-2012 01:12:11] PHP   1. {main}() /home/rully/git/HDD-Monitoring/hdd_monitor/index.php:0
[01-May-2012 01:12:11] PHP   2. require_once() /home/rully/git/HDD-Monitoring/hdd_monitor/index.php:201
[01-May-2012 01:12:11] PHP   3. call_user_func_array() /home/rully/git/HDD-Monitoring/hdd_monitor/system/core/CodeIgniter.php:339
[01-May-2012 01:12:11] PHP   4. Site->chart() /home/rully/git/HDD-Monitoring/hdd_monitor/system/core/CodeIgniter.php:0
[01-May-2012 01:12:11] PHP   5. CI_Loader->view() /home/rully/git/HDD-Monitoring/hdd_monitor/application/controllers/site.php:178
[01-May-2012 01:12:11] PHP   6. CI_Loader->_ci_load() /home/rully/git/HDD-Monitoring/hdd_monitor/system/core/Loader.php:308
[01-May-2012 01:12:11] PHP   7. include() /home/rully/git/HDD-Monitoring/hdd_monitor/system/core/Loader.php:683
[01-May-2012 01:12:27] PHP Fatal error:  Maximum execution time of 300 seconds exceeded in /home/rully/git/HDD-Monitoring/hdd_monitor/application/views/view_charts.php on line 133
[01-May-2012 01:12:27] PHP Stack trace:
[01-May-2012 01:12:27] PHP   1. {main}() /home/rully/git/HDD-Monitoring/hdd_monitor/index.php:0
[01-May-2012 01:12:27] PHP   2. require_once() /home/rully/git/HDD-Monitoring/hdd_monitor/index.php:201
[01-May-2012 01:12:27] PHP   3. call_user_func_array() /home/rully/git/HDD-Monitoring/hdd_monitor/system/core/CodeIgniter.php:339
[01-May-2012 01:12:27] PHP   4. Site->chart() /home/rully/git/HDD-Monitoring/hdd_monitor/system/core/CodeIgniter.php:0
[01-May-2012 01:12:27] PHP   5. CI_Loader->view() /home/rully/git/HDD-Monitoring/hdd_monitor/application/controllers/site.php:178
[01-May-2012 01:12:27] PHP   6. CI_Loader->_ci_load() /home/rully/git/HDD-Monitoring/hdd_monitor/system/core/Loader.php:308
[01-May-2012 01:12:27] PHP   7. include() /home/rully/git/HDD-Monitoring/hdd_monitor/system/core/Loader.php:683
[01-May-2012 01:12:46] PHP Fatal error:  Maximum execution time of 300 seconds exceeded in /home/rully/git/HDD-Monitoring/hdd_monitor/application/views/view_charts.php on line 135
[01-May-2012 01:12:46] PHP Stack trace:
[01-May-2012 01:12:46] PHP   1. {main}() /home/rully/git/HDD-Monitoring/hdd_monitor/index.php:0
[01-May-2012 01:12:46] PHP   2. require_once() /home/rully/git/HDD-Monitoring/hdd_monitor/index.php:201
[01-May-2012 01:12:46] PHP   3. call_user_func_array() /home/rully/git/HDD-Monitoring/hdd_monitor/system/core/CodeIgniter.php:339
[01-May-2012 01:12:46] PHP   4. Site->chart() /home/rully/git/HDD-Monitoring/hdd_monitor/system/core/CodeIgniter.php:0
[01-May-2012 01:12:46] PHP   5. CI_Loader->view() /home/rully/git/HDD-Monitoring/hdd_monitor/application/controllers/site.php:178
[01-May-2012 01:12:46] PHP   6. CI_Loader->_ci_load() /home/rully/git/HDD-Monitoring/hdd_monitor/system/core/Loader.php:308
[01-May-2012 01:12:46] PHP   7. include() /home/rully/git/HDD-Monitoring/hdd_monitor/system/core/Loader.php:683
[01-May-2012 01:20:22] PHP Parse error:  syntax error, unexpected T_VARIABLE, expecting '(' in /home/rully/git/HDD-Monitoring/hdd_monitor/application/views/view_charts.php on line 136
[01-May-2012 01:20:22] PHP Stack trace:
[01-May-2012 01:20:22] PHP   1. {main}() /home/rully/git/HDD-Monitoring/hdd_monitor/index.php:0
[01-May-2012 01:20:22] PHP   2. require_once() /home/rully/git/HDD-Monitoring/hdd_monitor/index.php:201
[01-May-2012 01:20:22] PHP   3. call_user_func_array() /home/rully/git/HDD-Monitoring/hdd_monitor/system/core/CodeIgniter.php:339
[01-May-2012 01:20:22] PHP   4. Site->chart() /home/rully/git/HDD-Monitoring/hdd_monitor/system/core/CodeIgniter.php:0
[01-May-2012 01:20:22] PHP   5. CI_Loader->view() /home/rully/git/HDD-Monitoring/hdd_monitor/application/controllers/site.php:178
[01-May-2012 01:20:22] PHP   6. CI_Loader->_ci_load() /home/rully/git/HDD-Monitoring/hdd_monitor/system/core/Loader.php:308
[01-May-2012 01:21:46] PHP Parse error:  syntax error, unexpected '}' in /home/rully/git/HDD-Monitoring/hdd_monitor/application/views/view_charts.php on line 144
[01-May-2012 01:21:46] PHP Stack trace:
[01-May-2012 01:21:46] PHP   1. {main}() /home/rully/git/HDD-Monitoring/hdd_monitor/index.php:0
[01-May-2012 01:21:46] PHP   2. require_once() /home/rully/git/HDD-Monitoring/hdd_monitor/index.php:201
[01-May-2012 01:21:46] PHP   3. call_user_func_array() /home/rully/git/HDD-Monitoring/hdd_monitor/system/core/CodeIgniter.php:339
[01-May-2012 01:21:46] PHP   4. Site->chart() /home/rully/git/HDD-Monitoring/hdd_monitor/system/core/CodeIgniter.php:0
[01-May-2012 01:21:46] PHP   5. CI_Loader->view() /home/rully/git/HDD-Monitoring/hdd_monitor/application/controllers/site.php:178
[01-May-2012 01:21:46] PHP   6. CI_Loader->_ci_load() /home/rully/git/HDD-Monitoring/hdd_monitor/system/core/Loader.php:308
[01-May-2012 01:23:54] PHP Parse error:  syntax error, unexpected T_ELSE in /home/rully/git/HDD-Monitoring/hdd_monitor/application/views/view_charts.php on line 150
[01-May-2012 01:23:54] PHP Stack trace:
[01-May-2012 01:23:54] PHP   1. {main}() /home/rully/git/HDD-Monitoring/hdd_monitor/index.php:0
[01-May-2012 01:23:54] PHP   2. require_once() /home/rully/git/HDD-Monitoring/hdd_monitor/index.php:201
[01-May-2012 01:23:54] PHP   3. call_user_func_array() /home/rully/git/HDD-Monitoring/hdd_monitor/system/core/CodeIgniter.php:339
[01-May-2012 01:23:54] PHP   4. Site->chart() /home/rully/git/HDD-Monitoring/hdd_monitor/system/core/CodeIgniter.php:0
[01-May-2012 01:23:54] PHP   5. CI_Loader->view() /home/rully/git/HDD-Monitoring/hdd_monitor/application/controllers/site.php:178
[01-May-2012 01:23:54] PHP   6. CI_Loader->_ci_load() /home/rully/git/HDD-Monitoring/hdd_monitor/system/core/Loader.php:308
[01-May-2012 01:35:07] PHP Fatal error:  Cannot use [] for reading in /home/rully/git/HDD-Monitoring/hdd_monitor/application/views/view_charts.php on line 144
[01-May-2012 01:35:07] PHP Stack trace:
[01-May-2012 01:35:07] PHP   1. {main}() /home/rully/git/HDD-Monitoring/hdd_monitor/index.php:0
[01-May-2012 01:35:07] PHP   2. require_once() /home/rully/git/HDD-Monitoring/hdd_monitor/index.php:201
[01-May-2012 01:35:07] PHP   3. call_user_func_array() /home/rully/git/HDD-Monitoring/hdd_monitor/system/core/CodeIgniter.php:339
[01-May-2012 01:35:07] PHP   4. Site->chart() /home/rully/git/HDD-Monitoring/hdd_monitor/system/core/CodeIgniter.php:0
[01-May-2012 01:35:07] PHP   5. CI_Loader->view() /home/rully/git/HDD-Monitoring/hdd_monitor/application/controllers/site.php:178
[01-May-2012 01:35:07] PHP   6. CI_Loader->_ci_load() /home/rully/git/HDD-Monitoring/hdd_monitor/system/core/Loader.php:308
[01-May-2012 01:56:05] PHP Parse error:  syntax error, unexpected T_VARIABLE, expecting ',' or ';' in /home/rully/git/HDD-Monitoring/hdd_monitor/application/views/view_charts.php on line 141
[01-May-2012 01:56:05] PHP Stack trace:
[01-May-2012 01:56:05] PHP   1. {main}() /home/rully/git/HDD-Monitoring/hdd_monitor/index.php:0
[01-May-2012 01:56:05] PHP   2. require_once() /home/rully/git/HDD-Monitoring/hdd_monitor/index.php:201
[01-May-2012 01:56:05] PHP   3. call_user_func_array() /home/rully/git/HDD-Monitoring/hdd_monitor/system/core/CodeIgniter.php:339
[01-May-2012 01:56:05] PHP   4. Site->chart() /home/rully/git/HDD-Monitoring/hdd_monitor/system/core/CodeIgniter.php:0
[01-May-2012 01:56:05] PHP   5. CI_Loader->view() /home/rully/git/HDD-Monitoring/hdd_monitor/application/controllers/site.php:178
[01-May-2012 01:56:05] PHP   6. CI_Loader->_ci_load() /home/rully/git/HDD-Monitoring/hdd_monitor/system/core/Loader.php:308
